==19494== Memcheck, a memory error detector
==19494== Copyright (C) 2002-2017, and GNU GPL'd, by Julian Seward et al.
==19494== Using Valgrind-3.14.0-353a3587bb-20181007X and LibVEX; rerun with -h for copyright info
==19494== Command: ./fillit
==19494== Parent PID: 19066
==19494== 
--19494-- 
--19494-- Valgrind options:
--19494--    --tool=memcheck
--19494--    --leak-check=full
--19494--    -v
--19494--    --log-file=file.out
--19494-- Output from sysctl({CTL_KERN,KERN_VERSION}):
--19494--   Darwin Kernel Version 16.7.0: Thu Jun 15 17:36:27 PDT 2017; root:xnu-3789.70.16~2/RELEASE_X86_64
--19494-- Arch and hwcaps: AMD64, LittleEndian, amd64-cx16-rdtscp-sse3-avx
--19494-- Page sizes: currently 4096, max supported 4096
--19494-- Valgrind library directory: /Users/mybenzar/.brew/Cellar/valgrind/3.14.0/lib/valgrind
--19494-- ./fillit (rx at 0x100000000, rw at 0x100003000)
--19494--    reading syms   from primary file (41 216)
--19494--    dSYM= ./fillit.dSYM/Contents/Resources/DWARF/fillit
--19494--    reading dwarf3 from dsyms file
--19494-- /usr/lib/dyld (rx at 0x100007000, rw at 0x100045000)
--19494--    reading syms   from primary file (6 1223)
--19494-- Scheduler: using generic scheduler lock implementation.
--19494-- Reading suppressions file: /Users/mybenzar/.brew/Cellar/valgrind/3.14.0/lib/valgrind/default.supp
==19494== embedded gdbserver: reading from /var/folders/zz/zyxvpxvq6csfxvn_n00040rh001064/T//vgdb-pipe-from-vgdb-to-19494-by-mybenzar-on-???
==19494== embedded gdbserver: writing to   /var/folders/zz/zyxvpxvq6csfxvn_n00040rh001064/T//vgdb-pipe-to-vgdb-from-19494-by-mybenzar-on-???
==19494== embedded gdbserver: shared mem   /var/folders/zz/zyxvpxvq6csfxvn_n00040rh001064/T//vgdb-pipe-shared-mem-vgdb-19494-by-mybenzar-on-???
==19494== 
==19494== TO CONTROL THIS PROCESS USING vgdb (which you probably
==19494== don't want to do, unless you know exactly what you're doing,
==19494== or are doing some strange experiment):
==19494==   /Users/mybenzar/.brew/Cellar/valgrind/3.14.0/lib/valgrind/../../bin/vgdb --pid=19494 ...command...
==19494== 
==19494== TO DEBUG THIS PROCESS USING GDB: start GDB like this
==19494==   /path/to/gdb ./fillit
==19494== and then give GDB the following command
==19494==   target remote | /Users/mybenzar/.brew/Cellar/valgrind/3.14.0/lib/valgrind/../../bin/vgdb --pid=19494
==19494== --pid is optional if only one valgrind process is running
==19494== 
--19494-- REDIR: 0x10002d620 (dyld:strcmp) redirected to 0x2580577c6 (???)
--19494-- REDIR: 0x100027130 (dyld:arc4random) redirected to 0x258057864 (???)
--19494-- REDIR: 0x100026fe0 (dyld:strlen) redirected to 0x258057795 (???)
--19494-- REDIR: 0x100026f40 (dyld:strcpy) redirected to 0x2580577e2 (???)
--19494-- REDIR: 0x10002a7dd (dyld:strcat) redirected to 0x2580577a6 (???)
--19494-- REDIR: 0x10002a81b (dyld:strlcat) redirected to 0x2580577ff (???)
--19494-- /Users/mybenzar/.brew/Cellar/valgrind/3.14.0/lib/valgrind/vgpreload_core-amd64-darwin.so (rx at 0x100092000, rw at 0x100098000)
--19494--    reading syms   from primary file (3 88)
--19494--    dSYM= /Users/mybenzar/.brew/Cellar/valgrind/3.14.0/lib/valgrind/vgpreload_core-amd64-darwin.so.dSYM/Contents/Resources/DWARF/vgpreload_core-amd64-darwin.so
--19494-- /Users/mybenzar/.brew/Cellar/valgrind/3.14.0/lib/valgrind/vgpreload_memcheck-amd64-darwin.so (rx at 0x10009c000, rw at 0x1000a5000)
--19494--    reading syms   from primary file (72 96)
--19494--    dSYM= /Users/mybenzar/.brew/Cellar/valgrind/3.14.0/lib/valgrind/vgpreload_memcheck-amd64-darwin.so.dSYM/Contents/Resources/DWARF/vgpreload_memcheck-amd64-darwin.so
--19494-- /usr/lib/libSystem.B.dylib (rx at 0x1000ab000, rw at 0x1000ad000)
--19494--    reading syms   from primary file (31 5)
--19494-- /usr/lib/system/libcache.dylib (rx at 0x1000b2000, rw at 0x1000b7000)
--19494--    reading syms   from primary file (32 29)
--19494-- /usr/lib/system/libcommonCrypto.dylib (rx at 0x1000bc000, rw at 0x1000c7000)
--19494--    reading syms   from primary file (214 167)
--19494-- /usr/lib/system/libcompiler_rt.dylib (rx at 0x1000d4000, rw at 0x1000dc000)
--19494--    reading syms   from primary file (510 8)
--19494-- /usr/lib/system/libcopyfile.dylib (rx at 0x1000e9000, rw at 0x1000f2000)
--19494--    reading syms   from primary file (13 35)
--19494-- /usr/lib/system/libcorecrypto.dylib (rx at 0x1000f8000, rw at 0x10017c000)
--19494--    reading syms   from primary file (479 678)
--19494-- /usr/lib/system/libdispatch.dylib (rx at 0x100197000, rw at 0x1001c9000)
--19494--    reading syms   from primary file (258 910)
--19494-- /usr/lib/system/libdyld.dylib (rx at 0x100202000, rw at 0x100208000)
--19494--    reading syms   from primary file (98 130)
--19494-- /usr/lib/system/libkeymgr.dylib (rx at 0x100210000, rw at 0x100211000)
--19494--    reading syms   from primary file (12 3)
--19494-- /usr/lib/system/liblaunch.dylib (rx at 0x100215000, rw at 0x100216000)
--19494--    reading syms   from primary file (113 3)
--19494-- /usr/lib/system/libmacho.dylib (rx at 0x10021d000, rw at 0x100223000)
--19494--    reading syms   from primary file (102 1)
--19494-- /usr/lib/system/libquarantine.dylib (rx at 0x100229000, rw at 0x10022c000)
--19494--    reading syms   from primary file (67 32)
--19494-- /usr/lib/system/libremovefile.dylib (rx at 0x100232000, rw at 0x100234000)
--19494--    reading syms   from primary file (15 4)
--19494-- /usr/lib/system/libsystem_asl.dylib (rx at 0x100239000, rw at 0x100252000)
--19494--    reading syms   from primary file (222 224)
--19494-- /usr/lib/system/libsystem_blocks.dylib (rx at 0x10025f000, rw at 0x100260000)
--19494--    reading syms   from primary file (21 6)
--19494-- /usr/lib/system/libsystem_c.dylib (rx at 0x100264000, rw at 0x1002f2000)
--19494--    reading syms   from primary file (1331 777)
--19494-- /usr/lib/system/libsystem_configuration.dylib (rx at 0x100319000, rw at 0x10031d000)
--19494--    reading syms   from primary file (38 75)
--19494-- /usr/lib/system/libsystem_coreservices.dylib (rx at 0x100324000, rw at 0x100328000)
--19494--    reading syms   from primary file (14 36)
--19494-- /usr/lib/system/libsystem_coretls.dylib (rx at 0x10032d000, rw at 0x100346000)
--19494--    reading syms   from primary file (130 250)
--19494-- /usr/lib/system/libsystem_dnssd.dylib (rx at 0x100351000, rw at 0x100358000)
--19494--    reading syms   from primary file (49 24)
--19494-- /usr/lib/system/libsystem_info.dylib (rx at 0x10035d000, rw at 0x100387000)
--19494--    reading syms   from primary file (523 519)
--19494-- /usr/lib/system/libsystem_kernel.dylib (rx at 0x10039c000, rw at 0x1003bf000)
--19494--    reading syms   from primary file (1179 98)
--19494-- /usr/lib/system/libsystem_m.dylib (rx at 0x1003d6000, rw at 0x10041e000)
--19494--    reading syms   from primary file (605 1)
--19494-- /usr/lib/system/libsystem_malloc.dylib (rx at 0x10042a000, rw at 0x100449000)
--19494--    reading syms   from primary file (117 253)
--19494-- /usr/lib/system/libsystem_network.dylib (rx at 0x100455000, rw at 0x1004af000)
--19494--    reading syms   from primary file (730 584)
--19494-- /usr/lib/system/libsystem_networkextension.dylib (rx at 0x1004d1000, rw at 0x1004db000)
--19494--    reading syms   from primary file (89 229)
--19494-- /usr/lib/system/libsystem_notify.dylib (rx at 0x1004e6000, rw at 0x1004f0000)
--19494--    reading syms   from primary file (113 54)
--19494-- /usr/lib/system/libsystem_platform.dylib (rx at 0x1004f7000, rw at 0x100500000)
--19494--    reading syms   from primary file (158 105)
--19494-- /usr/lib/system/libsystem_pthread.dylib (rx at 0x100508000, rw at 0x100513000)
--19494--    reading syms   from primary file (174 79)
--19494-- /usr/lib/system/libsystem_sandbox.dylib (rx at 0x10051f000, rw at 0x100523000)
--19494--    reading syms   from primary file (85 9)
--19494-- /usr/lib/system/libsystem_secinit.dylib (rx at 0x100529000, rw at 0x10052b000)
--19494--    reading syms   from primary file (1 7)
--19494-- /usr/lib/system/libsystem_symptoms.dylib (rx at 0x100530000, rw at 0x100538000)
--19494--    reading syms   from primary file (8 66)
--19494-- /usr/lib/system/libsystem_trace.dylib (rx at 0x10053e000, rw at 0x100552000)
--19494--    reading syms   from primary file (101 236)
--19494-- /usr/lib/system/libunwind.dylib (rx at 0x100560000, rw at 0x100566000)
--19494--    reading syms   from primary file (102 52)
--19494-- /usr/lib/system/libxpc.dylib (rx at 0x10056d000, rw at 0x100597000)
--19494--    reading syms   from primary file (515 825)
--19494-- /usr/lib/libobjc.A.dylib (rx at 0x1005b6000, rw at 0x10098c000)
--19494--    reading syms   from primary file (368 886)
--19494-- /usr/lib/libc++abi.dylib (rx at 0x100a69000, rw at 0x100a93000)
--19494--    reading syms   from primary file (339 188)
--19494-- /usr/lib/libc++.1.dylib (rx at 0x100aa2000, rw at 0x100af9000)
--19494--    reading syms   from primary file (1979 1610)
--19494-- REDIR: 0x1004f8760 (libsystem_platform.dylib:_platform_memcmp) redirected to 0x10009f849 (_platform_memcmp)
--19494-- REDIR: 0x1004f8cc0 (libsystem_platform.dylib:_platform_strncmp) redirected to 0x10009f055 (_platform_strncmp)
--19494-- REDIR: 0x100265b40 (libsystem_c.dylib:strlen) redirected to 0x10009ece6 (strlen)
--19494-- REDIR: 0x1004f9280 (libsystem_platform.dylib:_platform_strcmp) redirected to 0x10009f0d1 (_platform_strcmp)
--19494-- REDIR: 0x10042ed61 (libsystem_malloc.dylib:calloc) redirected to 0x10009dbc7 (calloc)
--19494-- REDIR: 0x10042e3dc (libsystem_malloc.dylib:malloc_default_zone) redirected to 0x10009e909 (malloc_default_zone)
--19494-- REDIR: 0x10042c217 (libsystem_malloc.dylib:malloc_zone_malloc) redirected to 0x10009d813 (malloc_zone_malloc)
--19494-- REDIR: 0x10042e3e7 (libsystem_malloc.dylib:malloc_zone_calloc) redirected to 0x10009ddb5 (malloc_zone_calloc)
--19494-- REDIR: 0x10042b1e8 (libsystem_malloc.dylib:malloc) redirected to 0x10009d5a0 (malloc)
--19494-- REDIR: 0x1004f8fa0 (libsystem_platform.dylib:_platform_memmove$VARIANT$Ivybridge) redirected to 0x10009ff83 (_platform_memmove$VARIANT$Ivybridge)
--19494-- REDIR: 0x10042e4af (libsystem_malloc.dylib:malloc_zone_from_ptr) redirected to 0x10009e94a (malloc_zone_from_ptr)
--19494-- REDIR: 0x10042ddd5 (libsystem_malloc.dylib:free) redirected to 0x10009d989 (free)
--19494-- REDIR: 0x10042ef10 (libsystem_malloc.dylib:realloc) redirected to 0x10009df49 (realloc)
==19494== 
==19494== HEAP SUMMARY:
==19494==     in use at exit: 18,173 bytes in 162 blocks
==19494==   total heap usage: 178 allocs, 16 frees, 24,317 bytes allocated
==19494== 
==19494== Searching for pointers to 162 not-freed blocks
==19494== Checked 9,919,696 bytes
==19494== 
==19494== 72 bytes in 3 blocks are possibly lost in loss record 26 of 42
==19494==    at 0x10009DC82: calloc (in /Users/mybenzar/.brew/Cellar/valgrind/3.14.0/lib/valgrind/vgpreload_memcheck-amd64-darwin.so)
==19494==    by 0x1005B7832: map_images_nolock (in /usr/lib/libobjc.A.dylib)
==19494==    by 0x1005CAD6A: map_images (in /usr/lib/libobjc.A.dylib)
==19494==    by 0x10000C03B: dyld::notifyBatchPartial(dyld_image_states, bool, char const* (*)(dyld_image_states, unsigned int, dyld_image_info const*), bool, bool) (in /usr/lib/dyld)
==19494==    by 0x10000C255: dyld::registerObjCNotifiers(void (*)(unsigned int, char const* const*, mach_header const* const*), void (*)(char const*, mach_header const*), void (*)(char const*, mach_header const*)) (in /usr/lib/dyld)
==19494==    by 0x10020500A: _dyld_objc_notify_register (in /usr/lib/system/libdyld.dylib)
==19494==    by 0x1005B7072: _objc_init (in /usr/lib/libobjc.A.dylib)
==19494==    by 0x10019868D: _os_object_init (in /usr/lib/system/libdispatch.dylib)
==19494==    by 0x10019863A: libdispatch_init (in /usr/lib/system/libdispatch.dylib)
==19494==    by 0x1000AC9D5: libSystem_initializer (in /usr/lib/libSystem.B.dylib)
==19494==    by 0x10001CA1A: ImageLoaderMachO::doModInitFunctions(ImageLoader::LinkContext const&) (in /usr/lib/dyld)
==19494==    by 0x10001CC1D: ImageLoaderMachO::doInitialization(ImageLoader::LinkContext const&) (in /usr/lib/dyld)
==19494== 
==19494== LEAK SUMMARY:
==19494==    definitely lost: 0 bytes in 0 blocks
==19494==    indirectly lost: 0 bytes in 0 blocks
==19494==      possibly lost: 72 bytes in 3 blocks
==19494==    still reachable: 200 bytes in 6 blocks
==19494==         suppressed: 17,901 bytes in 153 blocks
==19494== Reachable blocks (those to which a pointer was found) are not shown.
==19494== To see them, rerun with: --leak-check=full --show-leak-kinds=all
==19494== 
==19494== ERROR SUMMARY: 1 errors from 1 contexts (suppressed: 12 from 12)
--19494-- 
--19494-- used_suppression:      5 OSX1012:19-Leak /Users/mybenzar/.brew/Cellar/valgrind/3.14.0/lib/valgrind/default.supp:924 suppressed: 8,792 bytes in 5 blocks
--19494-- used_suppression:      8 OSX1012:17-Leak /Users/mybenzar/.brew/Cellar/valgrind/3.14.0/lib/valgrind/default.supp:906 suppressed: 3,872 bytes in 61 blocks
--19494-- used_suppression:      3 OSX1012:16-Leak /Users/mybenzar/.brew/Cellar/valgrind/3.14.0/lib/valgrind/default.supp:897 suppressed: 3,072 bytes in 48 blocks
--19494-- used_suppression:     15 OSX1012:10-Leak /Users/mybenzar/.brew/Cellar/valgrind/3.14.0/lib/valgrind/default.supp:839 suppressed: 2,045 bytes in 35 blocks
--19494-- used_suppression:      4 OSX1012:18-Leak /Users/mybenzar/.brew/Cellar/valgrind/3.14.0/lib/valgrind/default.supp:915 suppressed: 120 bytes in 4 blocks
--19494-- used_suppression:      1 OSX1012:dyld-5 /Users/mybenzar/.brew/Cellar/valgrind/3.14.0/lib/valgrind/default.supp:1283
--19494-- used_suppression:      2 OSX1012:dyld-4 /Users/mybenzar/.brew/Cellar/valgrind/3.14.0/lib/valgrind/default.supp:1275
--19494-- used_suppression:      1 OSX1012:dyld-3 /Users/mybenzar/.brew/Cellar/valgrind/3.14.0/lib/valgrind/default.supp:1267
==19494== 
==19494== ERROR SUMMARY: 1 errors from 1 contexts (suppressed: 12 from 12)
